TN:
SF:script/DeployEscrow.s.sol
DA:10,0
FN:10,DeployEscrow.setUp
FNDA:0,DeployEscrow.setUp
DA:12,0
FN:12,DeployEscrow.run
FNDA:0,DeployEscrow.run
DA:13,0
DA:14,0
DA:15,0
FNF:2
FNH:0
LF:5
LH:0
BRF:0
BRH:0
end_of_record
TN:
SF:src/DecentralizedEscrow.sol
DA:80,11
FN:80,DecentralizedEscrow.register
FNDA:11,DecentralizedEscrow.register
DA:81,11
BRDA:81,0,0,4
BRDA:81,0,1,7
DA:82,4
DA:83,4
DA:84,7
BRDA:84,1,0,7
DA:85,7
DA:86,7
DA:90,5
FN:90,DecentralizedEscrow.createProject
FNDA:5,DecentralizedEscrow.createProject
DA:91,5
BRDA:91,2,0,1
BRDA:91,2,1,4
DA:92,4
BRDA:92,3,0,-
BRDA:92,3,1,4
DA:93,4
BRDA:93,4,0,-
BRDA:93,4,1,4
DA:94,4
DA:95,4
DA:97,4
DA:98,4
DA:108,4
DA:111,2
FN:111,DecentralizedEscrow.acceptProject
FNDA:2,DecentralizedEscrow.acceptProject
DA:112,2
BRDA:112,5,0,-
BRDA:112,5,1,2
DA:116,2
BRDA:116,6,0,-
BRDA:116,6,1,2
DA:117,2
BRDA:117,7,0,-
BRDA:117,7,1,2
DA:121,2
BRDA:121,8,0,-
BRDA:121,8,1,2
DA:125,2
BRDA:125,9,0,-
BRDA:125,9,1,2
DA:130,2
DA:131,2
DA:133,2
DA:136,4
FN:136,DecentralizedEscrow.submitProject
FNDA:4,DecentralizedEscrow.submitProject
DA:137,4
BRDA:137,10,0,-
BRDA:137,10,1,4
DA:141,4
BRDA:141,11,0,1
BRDA:141,11,1,3
DA:142,3
BRDA:142,12,0,1
BRDA:142,12,1,2
DA:146,2
BRDA:146,13,0,-
BRDA:146,13,1,2
DA:150,2
BRDA:150,14,0,-
BRDA:150,14,1,2
DA:155,2
DA:157,2
DA:160,1
FN:160,DecentralizedEscrow.approveProject
FNDA:1,DecentralizedEscrow.approveProject
DA:161,1
BRDA:161,15,0,-
BRDA:161,15,1,1
DA:162,1
BRDA:162,16,0,-
BRDA:162,16,1,1
DA:163,1
BRDA:163,17,0,-
BRDA:163,17,1,1
DA:167,1
BRDA:167,18,0,-
BRDA:167,18,1,1
DA:172,1
DA:173,1
DA:176,1
BRDA:176,19,0,-
BRDA:176,19,1,1
DA:177,1
DA:180,1
FN:180,DecentralizedEscrow.rejectProject
FNDA:1,DecentralizedEscrow.rejectProject
DA:181,1
BRDA:181,20,0,-
BRDA:181,20,1,1
DA:182,1
BRDA:182,21,0,-
BRDA:182,21,1,1
DA:183,1
BRDA:183,22,0,-
BRDA:183,22,1,1
DA:187,1
BRDA:187,23,0,-
BRDA:187,23,1,1
DA:192,1
DA:195,1
DA:199,4
FN:199,DecentralizedEscrow.registerAsClient
FNDA:4,DecentralizedEscrow.registerAsClient
DA:200,4
BRDA:200,24,0,-
BRDA:200,24,1,4
DA:202,0
BRDA:202,25,0,-
DA:203,0
DA:206,4
DA:212,4
DA:213,4
DA:216,7
FN:216,DecentralizedEscrow.registerAsFreelancer
FNDA:7,DecentralizedEscrow.registerAsFreelancer
DA:217,7
BRDA:217,26,0,-
BRDA:217,26,1,7
DA:219,0
BRDA:219,27,0,-
DA:220,0
DA:223,7
DA:229,7
DA:230,7
FNF:8
FNH:8
LF:63
LH:59
BRF:53
BRH:30
end_of_record
